* Host localhost:8080 was resolved.
* IPv6: ::1
* IPv4: 127.0.0.1
  % Total    % Received % Xferd  Average Speed  Time    Time    Time   Current
                                 Dload  Upload  Total   Spent   Left   Speed
  0      0   0      0   0      0      0      0                              0*   Trying [::1]:8080...
* Established connection to localhost (::1 port 8080) from ::1 port 39512 
* using HTTP/1.x
> GET /api/players/war-room-test-001/stats HTTP/1.1
> Host: localhost:8080
> User-Agent: curl/8.18.0
> Accept: */*
> 
* Request completely sent off
< HTTP/1.1 404 Not Found
< Content-Type: text/plain; charset=utf-8
< Vary: Origin
< X-Content-Type-Options: nosniff
< Date: Thu, 22 Jan 2026 15:43:16 GMT
< Content-Length: 19
< 
{ [19 bytes data]
100     19 100     19   0      0  22619      0                              0100     19 100     19   0      0  19709      0                              0100     19 100     19   0      0  17479      0                              0
* Connection #0 to host localhost:8080 left intact
